{"numTotalTestSuites":4,"numPassedTestSuites":4,"numFailedTestSuites":0,"numPendingTestSuites":0,"numTotalTests":24,"numPassedTests":24,"numFailedTests":0,"numPendingTests":0,"numTodoTests":0,"snapshot":{"added":0,"failure":false,"filesAdded":0,"filesRemoved":0,"filesRemovedList":[],"filesUnmatched":0,"filesUpdated":0,"matched":0,"total":0,"unchecked":0,"uncheckedKeysByFile":[],"unmatched":0,"updated":0,"didUpdate":false},"startTime":1788732993667,"success":true,"testResults":[{"assertionResults":[{"ancestorTitles":["慣性與牛頓運動第一定律（S15）"],"fullName":"慣性與牛頓運動第一定律（S15） 無摩擦、無外力時速度恆定","status":"passed","title":"無摩擦、無外力時速度恆定","duration":46.791799999999995,"failureMessages":[],"meta":{},"tags":[],"benchmarks":[]},{"ancestorTitles":["慣性與牛頓運動第一定律（S15）"],"fullName":"慣性與牛頓運動第一定律（S15） 放手後淨力為零","status":"passed","title":"放手後淨力為零","duration":36.090299999999985,"failureMessages":[],"meta":{},"tags":[],"benchmarks":[]},{"ancestorTitles":["慣性與牛頓運動第一定律（S15）"],"fullName":"慣性與牛頓運動第一定律（S15） 靜止時外力不超過 μmg 則不動","status":"passed","title":"靜止時外力不超過 μmg 則不動","duration":2.5305000000000177,"failureMessages":[],"meta":{},"tags":[],"benchmarks":[]},{"ancestorTitles":["慣性與牛頓運動第一定律（S15）"],"fullName":"慣性與牛頓運動第一定律（S15） 施力等於摩擦則勻速","status":"passed","title":"施力等於摩擦則勻速","duration":67.08879999999999,"failureMessages":[],"meta":{},"tags":[],"benchmarks":[]},{"ancestorTitles":["慣性與牛頓運動第一定律（S15）"],"fullName":"慣性與牛頓運動第一定律（S15） 粗糙面上的減速與解析解比較","status":"passed","title":"粗糙面上的減速與解析解比較","duration":68.60749999999996,"failureMessages":[],"meta":{},"tags":[],"benchmarks":[]},{"ancestorTitles":["慣性與牛頓運動第一定律（S15）"],"fullName":"慣性與牛頓運動第一定律（S15） 2024 卷一乙部 Q3(a)：0.20 kg 方塊受 0.30 N 在光滑段走 0.75 m，到 B 時速率 1.5 m s⁻¹（解析解）","status":"passed","title":"2024 卷一乙部 Q3(a)：0.20 kg 方塊受 0.30 N 在光滑段走 0.75 m，到 B 時速率 1.5 m s⁻¹（解析解）","duration":1.516999999999996,"failureMessages":[],"meta":{},"tags":[],"benchmarks":[]},{"ancestorTitles":["慣性與牛頓運動第一定律（S15）"],"fullName":"慣性與牛頓運動第一定律（S15） 慣性與質量","status":"passed","title":"慣性與質量","duration":45.330799999999954,"failureMessages":[],"meta":{},"tags":[],"benchmarks":[]},{"ancestorTitles":["慣性與牛頓運動第一定律（S15）"],"fullName":"慣性與牛頓運動第一定律（S15） 桌布：Δv 隨抽出速率下降","status":"passed","title":"桌布：Δv 隨抽出速率下降","duration":24.212300000000027,"failureMessages":[],"meta":{},"tags":[],"benchmarks":[]},{"ancestorTitles":["慣性與牛頓運動第一定律（S15）"],"fullName":"慣性與牛頓運動第一定律（S15） 桌布：抽得太慢時物件跟着走","status":"passed","title":"桌布：抽得太慢時物件跟着走","duration":24.800900000000013,"failureMessages":[],"meta":{},"tags":[],"benchmarks":[]},{"ancestorTitles":["慣性與牛頓運動第一定律（S15）"],"fullName":"慣性與牛頓運動第一定律（S15） 桌布：Δv 與質量無關","status":"passed","title":"桌布：Δv 與質量無關","duration":499.568,"failureMessages":[],"meta":{},"tags":[],"benchmarks":[]},{"ancestorTitles":["慣性與牛頓運動第一定律（S15）"],"fullName":"慣性與牛頓運動第一定律（S15） 動量與衝量一致","status":"passed","title":"動量與衝量一致","duration":6.103899999999953,"failureMessages":[],"meta":{},"tags":[],"benchmarks":[]},{"ancestorTitles":["慣性與牛頓運動第一定律（S15）"],"fullName":"慣性與牛頓運動第一定律（S15） 巴士：不滑的條件","status":"passed","title":"巴士：不滑的條件","duration":350.89599999999984,"failureMessages":[],"meta":{},"tags":[],"benchmarks":[]},{"ancestorTitles":["慣性與牛頓運動第一定律（S15）"],"fullName":"慣性與牛頓運動第一定律（S15） 能量檢查","status":"passed","title":"能量檢查","duration":30.721300000000156,"failureMessages":[],"meta":{},"tags":[],"benchmarks":[]},{"ancestorTitles":["慣性與牛頓運動第一定律（S15）"],"fullName":"慣性與牛頓運動第一定律（S15） 太空：關引擎速度不變、燃料消耗為零；開引擎 a = F/m","status":"passed","title":"太空：關引擎速度不變、燃料消耗為零；開引擎 a = F/m","duration":14.17879999999991,"failureMessages":[],"meta":{},"tags":[],"benchmarks":[]},{"ancestorTitles":["慣性與牛頓運動第一定律（S15）"],"fullName":"慣性與牛頓運動第一定律（S15） 到達時間窗末端凍結，t 恰等於時間窗；歷史樣本與讀數無 NaN（凍結前）","status":"passed","title":"到達時間窗末端凍結，t 恰等於時間窗；歷史樣本與讀數無 NaN（凍結前）","duration":81.75099999999998,"failureMessages":[],"meta":{},"tags":[],"benchmarks":[]},{"ancestorTitles":["慣性與牛頓運動第一定律（S15）"],"fullName":"慣性與牛頓運動第一定律（S15） 乘客受力：相對靜止時 f = ma；滑動時 |f| = μmg 且與相對速度反向","status":"passed","title":"乘客受力：相對靜止時 f = ma；滑動時 |f| = μmg 且與相對速度反向","duration":7.4944000000000415,"failureMessages":[],"meta":{},"tags":[],"benchmarks":[]}],"startTime":1788732993907,"endTime":1788732995216.4944,"status":"passed","message":"","name":"C:/Users/trevor/dev/dse-physics-lab/.claude/worktrees/sim-024/src/sims/inertia-and-newtons-first-law/model.test.ts"},{"assertionResults":[{"ancestorTitles":["慣性 畫面"],"fullName":"慣性 畫面 2024 卷一乙部 Q3(b) 的受力圖","status":"passed","title":"2024 卷一乙部 Q3(b) 的受力圖","duration":9.21690000000001,"failureMessages":[],"meta":{},"tags":[],"benchmarks":[]},{"ancestorTitles":["慣性 畫面"],"fullName":"慣性 畫面 靜止不等於無力","status":"passed","title":"靜止不等於無力","duration":2.220400000000012,"failureMessages":[],"meta":{},"tags":[],"benchmarks":[]},{"ancestorTitles":["慣性 畫面"],"fullName":"慣性 畫面 沒有虛擬力","status":"passed","title":"沒有虛擬力","duration":17.584600000000023,"failureMessages":[],"meta":{},"tags":[],"benchmarks":[]},{"ancestorTitles":["慣性 畫面"],"fullName":"慣性 畫面 畫面一致：淨力箭嘴 = 各力之和；a = F_net / m；摩擦反相對運動趨勢；同一 kind 一個縮放係數；標籤 = observe；單位在允許清單","status":"passed","title":"畫面一致：淨力箭嘴 = 各力之和；a = F_net / m；摩擦反相對運動趨勢；同一 kind 一個縮放係數；標籤 = observe；單位在允許清單","duration":16.429000000000002,"failureMessages":[],"meta":{},"tags":[],"benchmarks":[]},{"ancestorTitles":["慣性 畫面"],"fullName":"慣性 畫面 圖層關閉時箭嘴不畫；淨力為零時不畫零長箭嘴","status":"passed","title":"圖層關閉時箭嘴不畫；淨力為零時不畫零長箭嘴","duration":2.1137999999999977,"failureMessages":[],"meta":{},"tags":[],"benchmarks":[]},{"ancestorTitles":["慣性 畫面"],"fullName":"慣性 畫面 預測上界涵蓋整段運動（施力／引擎在 HOLD 秒內放手／關掉）且有限；一直按着時 meta.sSeen / vSeen 只增不減","status":"passed","title":"預測上界涵蓋整段運動（施力／引擎在 HOLD 秒內放手／關掉）且有限；一直按着時 meta.sSeen / vSeen 只增不減","duration":59.643699999999995,"failureMessages":[],"meta":{},"tags":[],"benchmarks":[]},{"ancestorTitles":["慣性 畫面"],"fullName":"慣性 畫面 控制範圍內隨機 50 組參數：無 NaN / Infinity，箭嘴長度有界","status":"passed","title":"控制範圍內隨機 50 組參數：無 NaN / Infinity，箭嘴長度有界","duration":3406.6411,"failureMessages":[],"meta":{},"tags":[],"benchmarks":[]},{"ancestorTitles":["慣性 畫面"],"fullName":"慣性 畫面 第二個方塊在 lane 1，箭嘴與模型一致；三艘飛船各在自己的 lane","status":"passed","title":"第二個方塊在 lane 1，箭嘴與模型一致；三艘飛船各在自己的 lane","duration":1.341200000000299,"failureMessages":[],"meta":{},"tags":[],"benchmarks":[]}],"startTime":1788732993912,"endTime":1788732997427.3413,"status":"passed","message":"","name":"C:/Users/trevor/dev/dse-physics-lab/.claude/worktrees/sim-024/src/sims/inertia-and-newtons-first-law/plan.test.ts"}]}