{"numTotalTestSuites":4,"numPassedTestSuites":4,"numFailedTestSuites":0,"numPendingTestSuites":0,"numTotalTests":24,"numPassedTests":24,"numFailedTests":0,"numPendingTests":0,"numTodoTests":0,"snapshot":{"added":0,"failure":false,"filesAdded":0,"filesRemoved":0,"filesRemovedList":[],"filesUnmatched":0,"filesUpdated":0,"matched":0,"total":0,"unchecked":0,"uncheckedKeysByFile":[],"unmatched":0,"updated":0,"didUpdate":false},"startTime":1789062063717,"success":true,"testResults":[{"assertionResults":[{"ancestorTitles":["慣性與牛頓運動第一定律（S15）"],"fullName":"慣性與牛頓運動第一定律（S15） 無摩擦、無外力時速度恆定","status":"passed","title":"無摩擦、無外力時速度恆定","duration":36.8964,"failureMessages":[],"meta":{},"tags":[],"benchmarks":[]},{"ancestorTitles":["慣性與牛頓運動第一定律（S15）"],"fullName":"慣性與牛頓運動第一定律（S15） 放手後淨力為零","status":"passed","title":"放手後淨力為零","duration":46.42529999999999,"failureMessages":[],"meta":{},"tags":[],"benchmarks":[]},{"ancestorTitles":["慣性與牛頓運動第一定律（S15）"],"fullName":"慣性與牛頓運動第一定律（S15） 靜止時外力不超過摩擦力則不動","status":"passed","title":"靜止時外力不超過摩擦力則不動","duration":4.816199999999981,"failureMessages":[],"meta":{},"tags":[],"benchmarks":[]},{"ancestorTitles":["慣性與牛頓運動第一定律（S15）"],"fullName":"慣性與牛頓運動第一定律（S15） 施力等於摩擦則勻速","status":"passed","title":"施力等於摩擦則勻速","duration":67.19889999999998,"failureMessages":[],"meta":{},"tags":[],"benchmarks":[]},{"ancestorTitles":["慣性與牛頓運動第一定律（S15）"],"fullName":"慣性與牛頓運動第一定律（S15） 粗糙面上的減速與解析解比較","status":"passed","title":"粗糙面上的減速與解析解比較","duration":70.22219999999999,"failureMessages":[],"meta":{},"tags":[],"benchmarks":[]},{"ancestorTitles":["慣性與牛頓運動第一定律（S15）"],"fullName":"慣性與牛頓運動第一定律（S15） 2024 卷一乙部 Q3(a)：0.20 kg 方塊受 0.30 N 在光滑段走 0.75 m，到 B 時速率 1.5 m s⁻¹（解析解）","status":"passed","title":"2024 卷一乙部 Q3(a)：0.20 kg 方塊受 0.30 N 在光滑段走 0.75 m，到 B 時速率 1.5 m s⁻¹（解析解）","duration":0.7556999999999903,"failureMessages":[],"meta":{},"tags":[],"benchmarks":[]},{"ancestorTitles":["慣性與牛頓運動第一定律（S15）"],"fullName":"慣性與牛頓運動第一定律（S15） 慣性與質量","status":"passed","title":"慣性與質量","duration":46.16379999999998,"failureMessages":[],"meta":{},"tags":[],"benchmarks":[]},{"ancestorTitles":["慣性與牛頓運動第一定律（S15）"],"fullName":"慣性與牛頓運動第一定律（S15） 桌布：Δv 隨抽出速率下降","status":"passed","title":"桌布：Δv 隨抽出速率下降","duration":20.8134,"failureMessages":[],"meta":{},"tags":[],"benchmarks":[]},{"ancestorTitles":["慣性與牛頓運動第一定律（S15）"],"fullName":"慣性與牛頓運動第一定律（S15） 桌布：抽得太慢時物件跟着走","status":"passed","title":"桌布：抽得太慢時物件跟着走","duration":15.349400000000003,"failureMessages":[],"meta":{},"tags":[],"benchmarks":[]},{"ancestorTitles":["慣性與牛頓運動第一定律（S15）"],"fullName":"慣性與牛頓運動第一定律（S15） 桌布：加速度上限 f布/m，速度不超過布速","status":"passed","title":"桌布：加速度上限 f布/m，速度不超過布速","duration":465.03959999999995,"failureMessages":[],"meta":{},"tags":[],"benchmarks":[]},{"ancestorTitles":["慣性與牛頓運動第一定律（S15）"],"fullName":"慣性與牛頓運動第一定律（S15） 動量與衝量一致","status":"passed","title":"動量與衝量一致","duration":13.30219999999997,"failureMessages":[],"meta":{},"tags":[],"benchmarks":[]},{"ancestorTitles":["慣性與牛頓運動第一定律（S15）"],"fullName":"慣性與牛頓運動第一定律（S15） 巴士：不滑的條件","status":"passed","title":"巴士：不滑的條件","duration":350.8888999999999,"failureMessages":[],"meta":{},"tags":[],"benchmarks":[]},{"ancestorTitles":["慣性與牛頓運動第一定律（S15）"],"fullName":"慣性與牛頓運動第一定律（S15） 能量檢查","status":"passed","title":"能量檢查","duration":38.21479999999997,"failureMessages":[],"meta":{},"tags":[],"benchmarks":[]},{"ancestorTitles":["慣性與牛頓運動第一定律（S15）"],"fullName":"慣性與牛頓運動第一定律（S15） 太空：關引擎速度不變、燃料消耗為零；開引擎 a = F/m","status":"passed","title":"太空：關引擎速度不變、燃料消耗為零；開引擎 a = F/m","duration":21.439600000000155,"failureMessages":[],"meta":{},"tags":[],"benchmarks":[]},{"ancestorTitles":["慣性與牛頓運動第一定律（S15）"],"fullName":"慣性與牛頓運動第一定律（S15） 到達時間窗末端凍結，t 恰等於時間窗；歷史樣本與讀數無 NaN（凍結前）","status":"passed","title":"到達時間窗末端凍結，t 恰等於時間窗；歷史樣本與讀數無 NaN（凍結前）","duration":74.63289999999984,"failureMessages":[],"meta":{},"tags":[],"benchmarks":[]},{"ancestorTitles":["慣性與牛頓運動第一定律（S15）"],"fullName":"慣性與牛頓運動第一定律（S15） 乘客受力：相對靜止時 f = ma；滑動時 |f| 等於設定的摩擦力且與相對速度反向","status":"passed","title":"乘客受力：相對靜止時 f = ma；滑動時 |f| 等於設定的摩擦力且與相對速度反向","duration":5.702399999999898,"failureMessages":[],"meta":{},"tags":[],"benchmarks":[]}],"startTime":1789062063910,"endTime":1789062065189.7024,"status":"passed","message":"","name":"C:/Users/trevor/dev/dse-physics-lab/.claude/worktrees/sim-024/src/sims/inertia-and-newtons-first-law/model.test.ts"},{"assertionResults":[{"ancestorTitles":["慣性 畫面"],"fullName":"慣性 畫面 2024 卷一乙部 Q3(b) 的受力圖","status":"passed","title":"2024 卷一乙部 Q3(b) 的受力圖","duration":8.14749999999998,"failureMessages":[],"meta":{},"tags":[],"benchmarks":[]},{"ancestorTitles":["慣性 畫面"],"fullName":"慣性 畫面 靜止不等於無力","status":"passed","title":"靜止不等於無力","duration":1.5103999999999758,"failureMessages":[],"meta":{},"tags":[],"benchmarks":[]},{"ancestorTitles":["慣性 畫面"],"fullName":"慣性 畫面 沒有虛擬力","status":"passed","title":"沒有虛擬力","duration":14.471100000000007,"failureMessages":[],"meta":{},"tags":[],"benchmarks":[]},{"ancestorTitles":["慣性 畫面"],"fullName":"慣性 畫面 畫面一致：淨力箭嘴 = 各力之和；a = F_net / m；摩擦反相對運動趨勢；同一 kind 一個縮放係數；標籤 = observe；單位在允許清單","status":"passed","title":"畫面一致：淨力箭嘴 = 各力之和；a = F_net / m；摩擦反相對運動趨勢；同一 kind 一個縮放係數；標籤 = observe；單位在允許清單","duration":16.7534,"failureMessages":[],"meta":{},"tags":[],"benchmarks":[]},{"ancestorTitles":["慣性 畫面"],"fullName":"慣性 畫面 圖層關閉時箭嘴不畫；淨力為零時不畫零長箭嘴","status":"passed","title":"圖層關閉時箭嘴不畫；淨力為零時不畫零長箭嘴","duration":1.7013999999999783,"failureMessages":[],"meta":{},"tags":[],"benchmarks":[]},{"ancestorTitles":["慣性 畫面"],"fullName":"慣性 畫面 預測上界涵蓋整段運動（施力／引擎在 HOLD 秒內放手／關掉）且有限；一直按着時 meta.sSeen / vSeen 只增不減","status":"passed","title":"預測上界涵蓋整段運動（施力／引擎在 HOLD 秒內放手／關掉）且有限；一直按着時 meta.sSeen / vSeen 只增不減","duration":18.01400000000001,"failureMessages":[],"meta":{},"tags":[],"benchmarks":[]},{"ancestorTitles":["慣性 畫面"],"fullName":"慣性 畫面 控制範圍內隨機 50 組參數：無 NaN / Infinity，箭嘴長度有界","status":"passed","title":"控制範圍內隨機 50 組參數：無 NaN / Infinity，箭嘴長度有界","duration":387.4125,"failureMessages":[],"meta":{},"tags":[],"benchmarks":[]},{"ancestorTitles":["慣性 畫面"],"fullName":"慣性 畫面 第二個方塊在 lane 1，箭嘴與模型一致；三艘飛船各在自己的 lane","status":"passed","title":"第二個方塊在 lane 1，箭嘴與模型一致；三艘飛船各在自己的 lane","duration":2.0243999999999005,"failureMessages":[],"meta":{},"tags":[],"benchmarks":[]}],"startTime":1789062063919,"endTime":1789062064370.0244,"status":"passed","message":"","name":"C:/Users/trevor/dev/dse-physics-lab/.claude/worktrees/sim-024/src/sims/inertia-and-newtons-first-law/plan.test.ts"}]}